{"/usr/src/app/src/main.ts": {"path":"/usr/src/app/src/main.ts","statementMap":{"0":{"start":{"line":1,"column":0},"end":{"line":1,"column":23}},"1":{"start":{"line":3,"column":0},"end":{"line":3,"column":19}},"2":{"start":{"line":6,"column":10},"end":{"line":6,"column":43}},"3":{"start":{"line":7,"column":24},"end":{"line":7,"column":26}},"4":{"start":{"line":13,"column":23},"end":{"line":13,"column":25}},"5":{"start":{"line":15,"column":4},"end":{"line":25,"column":null}},"6":{"start":{"line":17,"column":8},"end":{"line":23,"column":null}},"7":{"start":{"line":18,"column":21},"end":{"line":18,"column":57}},"8":{"start":{"line":19,"column":12},"end":{"line":22,"column":null}},"9":{"start":{"line":27,"column":4},"end":{"line":27,"column":16}},"10":{"start":{"line":32,"column":2},"end":{"line":32,"column":41}},"11":{"start":{"line":33,"column":2},"end":{"line":33,"column":15}},"12":{"start":{"line":41,"column":2},"end":{"line":44,"column":null}}},"fnMap":{"0":{"name":"validateIfFile","decl":{"start":{"line":11,"column":9},"end":{"line":11,"column":23}},"loc":{"start":{"line":11,"column":52},"end":{"line":28,"column":1}}},"1":{"name":"(anonymous_2)","decl":{"start":{"line":15,"column":18},"end":{"line":15,"column":19}},"loc":{"start":{"line":15,"column":33},"end":{"line":25,"column":5}}},"2":{"name":"getFilesRoute","decl":{"start":{"line":30,"column":15},"end":{"line":30,"column":28}},"loc":{"start":{"line":30,"column":41},"end":{"line":34,"column":1}}}},"branchMap":{"0":{"loc":{"start":{"line":17,"column":8},"end":{"line":23,"column":null}},"type":"if","locations":[{"start":{"line":17,"column":8},"end":{"line":23,"column":null}}]},"1":{"loc":{"start":{"line":21,"column":24},"end":{"line":21,"column":40}},"type":"cond-expr","locations":[{"start":{"line":21,"column":35},"end":{"line":21,"column":36}},{"start":{"line":21,"column":39},"end":{"line":21,"column":40}}]}},"s":{"0":1,"1":1,"2":1,"3":1,"4":1,"5":1,"6":0,"7":0,"8":0,"9":1,"10":2,"11":1,"12":1},"f":{"0":1,"1":0,"2":2},"b":{"0":[0],"1":[0,0]}}
}
